-------------------------------------------------------------------------------
Test set: rpr.daltest.AccountModelTest
-------------------------------------------------------------------------------
Tests run: 6, Failures: 4, Errors: 0, Skipped: 0, Time elapsed: 0.051 s <<< FAILURE! - in rpr.daltest.AccountModelTest
rpr.daltest.AccountModelTest.emailUniqueTest  Time elapsed: 0.012 s  <<< FAILURE!
org.opentest4j.AssertionFailedError: Account with this e-mail adress already exists. ==> Expected ba.unsa.etf.rpr.projekat.utilities.AccountValidationFailedException to be thrown, but nothing was thrown.
	at rpr.daltest.AccountModelTest.emailUniqueTest(AccountModelTest.java:86)

rpr.daltest.AccountModelTest.accountIsDeleting  Time elapsed: 0.004 s  <<< FAILURE!
org.opentest4j.AssertionFailedError: expected: <true> but was: <false>
	at rpr.daltest.AccountModelTest.accountIsDeleting(AccountModelTest.java:71)

rpr.daltest.AccountModelTest.accountIsCreating  Time elapsed: 0.003 s  <<< FAILURE!
org.opentest4j.AssertionFailedError: expected: <true> but was: <false>
	at rpr.daltest.AccountModelTest.accountIsCreating(AccountModelTest.java:47)

rpr.daltest.AccountModelTest.usernameUniqueTest  Time elapsed: 0.005 s  <<< FAILURE!
org.opentest4j.AssertionFailedError: Account with this username already exists. ==> Expected ba.unsa.etf.rpr.projekat.utilities.AccountValidationFailedException to be thrown, but nothing was thrown.
	at rpr.daltest.AccountModelTest.usernameUniqueTest(AccountModelTest.java:101)

