<?xml version="1.0" encoding="UTF-8"?>
<testsuite xmlns:xsi="http://www.w3.org/2001/XMLSchema-instance" xsi:noNamespaceSchemaLocation="https://maven.apache.org/surefire/maven-surefire-plugin/xsd/surefire-test-report-3.0.xsd" version="3.0" name="rpr.controllertest.LabelControllerTest" time="0.219" tests="3" errors="3" skipped="0" failures="0">
  <properties>
[...]
</properties>
  <testcase name="createAndDelete(FxRobot)" classname="rpr.controllertest.LabelControllerTest" time="0.004">
    <error type="java.lang.RuntimeException"><![CDATA[java.lang.RuntimeException: java.lang.IllegalStateException: Not on FX application thread; currentThread = main
	at rpr.controllertest.LabelControllerTest.setUp(LabelControllerTest.java:55)
]]></error>
    <system-err><![CDATA[--- Exception in Async Thread ---
java.lang.IllegalStateException: Not on FX application thread; currentThread = main
	com.sun.javafx.tk.Toolkit.checkFxUserThread(Toolkit.java:292)
	com.sun.javafx.tk.quantum.QuantumToolkit.checkFxUserThread(QuantumToolkit.java:446)
	javafx.scene.Parent$3.onProposedChange(Parent.java:474)
	com.sun.javafx.collections.VetoableListDecorator.setAll(VetoableListDecorator.java:113)
	com.sun.javafx.collections.VetoableListDecorator.setAll(VetoableListDecorator.java:108)
	javafx.scene.control.skin.LabeledSkinBase.updateChildren(LabeledSkinBase.java:272)
	javafx.scene.control.skin.LabeledSkinBase.lambda$new$5(LabeledSkinBase.java:195)
	com.sun.javafx.scene.control.LambdaMultiplePropertyChangeListenerHandler.lambda$new$1(LambdaMultiplePropertyChangeListenerHandler.java:49)
	javafx.beans.value.WeakChangeListener.changed(WeakChangeListener.java:86)
	com.sun.javafx.binding.ExpressionHelper$SingleChange.fireValueChangedEvent(ExpressionHelper.java:181)
	com.sun.javafx.binding.ExpressionHelper.fireValueChangedEvent(ExpressionHelper.java:80)
	javafx.beans.property.ObjectPropertyBase.fireValueChangedEvent(ObjectPropertyBase.java:106)
	javafx.beans.property.ObjectPropertyBase.markInvalid(ObjectPropertyBase.java:113)
	javafx.beans.property.ObjectPropertyBase.set(ObjectPropertyBase.java:147)
	javafx.css.StyleableObjectProperty.set(StyleableObjectProperty.java:82)
	javafx.beans.property.ObjectProperty.setValue(ObjectProperty.java:72)
	javafx.scene.control.Labeled.setGraphic(Labeled.java:448)
	ba.unsa.etf.rpr.projekat.controller.GroupListCellController.updateItem(GroupListCellController.java:56)
	ba.unsa.etf.rpr.projekat.controller.GroupListCellController.updateItem(GroupListCellController.java:25)
	javafx.scene.control.ListCell.updateItem(ListCell.java:487)
	javafx.scene.control.ListCell.lambda$new$2(ListCell.java:168)
	javafx.collections.WeakListChangeListener.onChanged(WeakListChangeListener.java:88)
	com.sun.javafx.collections.ListListenerHelper$Generic.fireValueChangedEvent(ListListenerHelper.java:329)
	com.sun.javafx.collections.ListListenerHelper.fireValueChangedEvent(ListListenerHelper.java:73)
	javafx.collections.ObservableListBase.fireChange(ObservableListBase.java:233)
	javafx.collections.ListChangeBuilder.commit(ListChangeBuilder.java:482)
	javafx.collections.ListChangeBuilder.endChange(ListChangeBuilder.java:541)
	javafx.collections.ObservableListBase.endChange(ObservableListBase.java:205)
	com.sun.javafx.collections.ObservableListWrapper.clear(ObservableListWrapper.java:157)
	ba.unsa.etf.rpr.projekat.dal.DatabaseConnection.deleteTestUser(DatabaseConnection.java:94)
	rpr.controllertest.LabelControllerTest.setUp(LabelControllerTest.java:55)
	java.base/jdk.internal.reflect.NativeMethodAccessorImpl.invoke0(Native Method)
	java.base/jdk.internal.reflect.NativeMethodAccessorImpl.invoke(NativeMethodAccessorImpl.java:64)
	java.base/jdk.internal.reflect.DelegatingMethodAccessorImpl.invoke(DelegatingMethodAccessorImpl.java:43)
	java.base/java.lang.reflect.Method.invoke(Method.java:564)
	org.junit.platform.commons.util.ReflectionUtils.invokeMethod(ReflectionUtils.java:515)
	org.junit.jupiter.engine.execution.ExecutableInvoker.invoke(ExecutableInvoker.java:115)
	org.junit.jupiter.engine.descriptor.ClassTestDescriptor.lambda$invokeBeforeAllMethods$8(ClassTestDescriptor.java:373)
	org.junit.platform.engine.support.hierarchical.ThrowableCollector.execute(ThrowableCollector.java:72)
	org.junit.jupiter.engine.descriptor.ClassTestDescriptor.invokeBeforeAllMethods(ClassTestDescriptor.java:372)
	org.junit.jupiter.engine.descriptor.ClassTestDescriptor.before(ClassTestDescriptor.java:201)
	org.junit.jupiter.engine.descriptor.ClassTestDescriptor.before(ClassTestDescriptor.java:74)
	org.junit.platform.engine.support.hierarchical.NodeTestTask.lambda$executeRecursively$5(NodeTestTask.java:128)
	org.junit.platform.engine.support.hierarchical.ThrowableCollector.execute(ThrowableCollector.java:72)
	org.junit.platform.engine.support.hierarchical.NodeTestTask.executeRecursively(NodeTestTask.java:127)
	org.junit.platform.engine.support.hierarchical.NodeTestTask.execute(NodeTestTask.java:107)
	java.base/java.util.ArrayList.forEach(ArrayList.java:1511)
	org.junit.platform.engine.support.hierarchical.SameThreadHierarchicalTestExecutorService.invokeAll(SameThreadHierarchicalTestExecutorService.java:38)
	org.junit.platform.engine.support.hierarchical.NodeTestTask.lambda$executeRecursively$5(NodeTestTask.java:136)
	org.junit.platform.engine.support.hierarchical.ThrowableCollector.execute(ThrowableCollector.java:72)
	org.junit.platform.engine.support.hierarchical.NodeTestTask.executeRecursively(NodeTestTask.java:127)
	org.junit.platform.engine.support.hierarchical.NodeTestTask.execute(NodeTestTask.java:107)
	org.junit.platform.engine.support.hierarchical.SameThreadHierarchicalTestExecutorService.submit(SameThreadHierarchicalTestExecutorService.java:32)
	org.junit.platform.engine.support.hierarchical.HierarchicalTestExecutor.execute(HierarchicalTestExecutor.java:52)
	org.junit.platform.engine.support.hierarchical.HierarchicalTestEngine.execute(HierarchicalTestEngine.java:51)
	org.junit.platform.launcher.core.DefaultLauncher.execute(DefaultLauncher.java:220)
	org.junit.platform.launcher.core.DefaultLauncher.lambda$execute$6(DefaultLauncher.java:188)
	org.junit.platform.launcher.core.DefaultLauncher.withInterceptedStreams(DefaultLauncher.java:202)
	org.junit.platform.launcher.core.DefaultLauncher.execute(DefaultLauncher.java:181)
	org.junit.platform.launcher.core.DefaultLauncher.execute(DefaultLauncher.java:128)
	org.apache.maven.surefire.junitplatform.JUnitPlatformProvider.execute(JUnitPlatformProvider.java:188)
	org.apache.maven.surefire.junitplatform.JUnitPlatformProvider.invokeAllTests(JUnitPlatformProvider.java:154)
	org.apache.maven.surefire.junitplatform.JUnitPlatformProvider.invoke(JUnitPlatformProvider.java:128)
	org.apache.maven.surefire.booter.ForkedBooter.runSuitesInProcess(ForkedBooter.java:428)
	org.apache.maven.surefire.booter.ForkedBooter.execute(ForkedBooter.java:162)
	org.apache.maven.surefire.booter.ForkedBooter.run(ForkedBooter.java:562)
	org.apache.maven.surefire.booter.ForkedBooter.main(ForkedBooter.java:548)

--- Exception in Async Thread ---
java.lang.IllegalStateException: Not on FX application thread; currentThread = main
	com.sun.javafx.tk.Toolkit.checkFxUserThread(Toolkit.java:292)
	com.sun.javafx.tk.quantum.QuantumToolkit.checkFxUserThread(QuantumToolkit.java:446)
	javafx.scene.Parent$3.onProposedChange(Parent.java:474)
	com.sun.javafx.collections.VetoableListDecorator.setAll(VetoableListDecorator.java:113)
	com.sun.javafx.collections.VetoableListDecorator.setAll(VetoableListDecorator.java:108)
	javafx.scene.control.skin.LabeledSkinBase.updateChildren(LabeledSkinBase.java:272)
	javafx.scene.control.skin.LabeledSkinBase.lambda$new$5(LabeledSkinBase.java:195)
	com.sun.javafx.scene.control.LambdaMultiplePropertyChangeListenerHandler.lambda$new$1(LambdaMultiplePropertyChangeListenerHandler.java:49)
	javafx.beans.value.WeakChangeListener.changed(WeakChangeListener.java:86)
	com.sun.javafx.binding.ExpressionHelper$SingleChange.fireValueChangedEvent(ExpressionHelper.java:181)
	com.sun.javafx.binding.ExpressionHelper.fireValueChangedEvent(ExpressionHelper.java:80)
	javafx.beans.property.ObjectPropertyBase.fireValueChangedEvent(ObjectPropertyBase.java:106)
	javafx.beans.property.ObjectPropertyBase.markInvalid(ObjectPropertyBase.java:113)
	javafx.beans.property.ObjectPropertyBase.set(ObjectPropertyBase.java:147)
	javafx.css.StyleableObjectProperty.set(StyleableObjectProperty.java:82)
	javafx.beans.property.ObjectProperty.setValue(ObjectProperty.java:72)
	javafx.scene.control.Labeled.setGraphic(Labeled.java:448)
	ba.unsa.etf.rpr.projekat.controller.GroupListCellController.updateItem(GroupListCellController.java:56)
	ba.unsa.etf.rpr.projekat.controller.GroupListCellController.updateItem(GroupListCellController.java:25)
	javafx.scene.control.ListCell.updateItem(ListCell.java:487)
	javafx.scene.control.ListCell.lambda$new$2(ListCell.java:168)
	javafx.collections.WeakListChangeListener.onChanged(WeakListChangeListener.java:88)
	com.sun.javafx.collections.ListListenerHelper$Generic.fireValueChangedEvent(ListListenerHelper.java:329)
	com.sun.javafx.collections.ListListenerHelper.fireValueChangedEvent(ListListenerHelper.java:73)
	javafx.collections.ObservableListBase.fireChange(ObservableListBase.java:233)
	javafx.collections.ListChangeBuilder.commit(ListChangeBuilder.java:482)
	javafx.collections.ListChangeBuilder.endChange(ListChangeBuilder.java:541)
	javafx.collections.ObservableListBase.endChange(ObservableListBase.java:205)
	com.sun.javafx.collections.ObservableListWrapper.clear(ObservableListWrapper.java:157)
	ba.unsa.etf.rpr.projekat.dal.DatabaseConnection.deleteTestUser(DatabaseConnection.java:94)
	rpr.controllertest.LabelControllerTest.setUp(LabelControllerTest.java:55)
	java.base/jdk.internal.reflect.NativeMethodAccessorImpl.invoke0(Native Method)
	java.base/jdk.internal.reflect.NativeMethodAccessorImpl.invoke(NativeMethodAccessorImpl.java:64)
	java.base/jdk.internal.reflect.DelegatingMethodAccessorImpl.invoke(DelegatingMethodAccessorImpl.java:43)
	java.base/java.lang.reflect.Method.invoke(Method.java:564)
	org.junit.platform.commons.util.ReflectionUtils.invokeMethod(ReflectionUtils.java:515)
	org.junit.jupiter.engine.execution.ExecutableInvoker.invoke(ExecutableInvoker.java:115)
	org.junit.jupiter.engine.descriptor.ClassTestDescriptor.lambda$invokeBeforeAllMethods$8(ClassTestDescriptor.java:373)
	org.junit.platform.engine.support.hierarchical.ThrowableCollector.execute(ThrowableCollector.java:72)
	org.junit.jupiter.engine.descriptor.ClassTestDescriptor.invokeBeforeAllMethods(ClassTestDescriptor.java:372)
	org.junit.jupiter.engine.descriptor.ClassTestDescriptor.before(ClassTestDescriptor.java:201)
	org.junit.jupiter.engine.descriptor.ClassTestDescriptor.before(ClassTestDescriptor.java:74)
	org.junit.platform.engine.support.hierarchical.NodeTestTask.lambda$executeRecursively$5(NodeTestTask.java:128)
	org.junit.platform.engine.support.hierarchical.ThrowableCollector.execute(ThrowableCollector.java:72)
	org.junit.platform.engine.support.hierarchical.NodeTestTask.executeRecursively(NodeTestTask.java:127)
	org.junit.platform.engine.support.hierarchical.NodeTestTask.execute(NodeTestTask.java:107)
	java.base/java.util.ArrayList.forEach(ArrayList.java:1511)
	org.junit.platform.engine.support.hierarchical.SameThreadHierarchicalTestExecutorService.invokeAll(SameThreadHierarchicalTestExecutorService.java:38)
	org.junit.platform.engine.support.hierarchical.NodeTestTask.lambda$executeRecursively$5(NodeTestTask.java:136)
	org.junit.platform.engine.support.hierarchical.ThrowableCollector.execute(ThrowableCollector.java:72)
	org.junit.platform.engine.support.hierarchical.NodeTestTask.executeRecursively(NodeTestTask.java:127)
	org.junit.platform.engine.support.hierarchical.NodeTestTask.execute(NodeTestTask.java:107)
	org.junit.platform.engine.support.hierarchical.SameThreadHierarchicalTestExecutorService.submit(SameThreadHierarchicalTestExecutorService.java:32)
	org.junit.platform.engine.support.hierarchical.HierarchicalTestExecutor.execute(HierarchicalTestExecutor.java:52)
	org.junit.platform.engine.support.hierarchical.HierarchicalTestEngine.execute(HierarchicalTestEngine.java:51)
	org.junit.platform.launcher.core.DefaultLauncher.execute(DefaultLauncher.java:220)
	org.junit.platform.launcher.core.DefaultLauncher.lambda$execute$6(DefaultLauncher.java:188)
	org.junit.platform.launcher.core.DefaultLauncher.withInterceptedStreams(DefaultLauncher.java:202)
	org.junit.platform.launcher.core.DefaultLauncher.execute(DefaultLauncher.java:181)
	org.junit.platform.launcher.core.DefaultLauncher.execute(DefaultLauncher.java:128)
	org.apache.maven.surefire.junitplatform.JUnitPlatformProvider.execute(JUnitPlatformProvider.java:188)
	org.apache.maven.surefire.junitplatform.JUnitPlatformProvider.invokeAllTests(JUnitPlatformProvider.java:154)
	org.apache.maven.surefire.junitplatform.JUnitPlatformProvider.invoke(JUnitPlatformProvider.java:128)
	org.apache.maven.surefire.booter.ForkedBooter.runSuitesInProcess(ForkedBooter.java:428)
	org.apache.maven.surefire.booter.ForkedBooter.execute(ForkedBooter.java:162)
	org.apache.maven.surefire.booter.ForkedBooter.run(ForkedBooter.java:562)
	org.apache.maven.surefire.booter.ForkedBooter.main(ForkedBooter.java:548)

--- Exception in Async Thread ---
java.lang.IllegalStateException: Not on FX application thread; currentThread = main
	com.sun.javafx.tk.Toolkit.checkFxUserThread(Toolkit.java:292)
	com.sun.javafx.tk.quantum.QuantumToolkit.checkFxUserThread(QuantumToolkit.java:446)
	javafx.scene.Parent$3.onProposedChange(Parent.java:474)
	com.sun.javafx.collections.VetoableListDecorator.setAll(VetoableListDecorator.java:113)
	com.sun.javafx.collections.VetoableListDecorator.setAll(VetoableListDecorator.java:108)
	javafx.scene.control.skin.LabeledSkinBase.updateChildren(LabeledSkinBase.java:272)
	javafx.scene.control.skin.LabeledSkinBase.lambda$new$5(LabeledSkinBase.java:195)
	com.sun.javafx.scene.control.LambdaMultiplePropertyChangeListenerHandler.lambda$new$1(LambdaMultiplePropertyChangeListenerHandler.java:49)
	javafx.beans.value.WeakChangeListener.changed(WeakChangeListener.java:86)
	com.sun.javafx.binding.ExpressionHelper$SingleChange.fireValueChangedEvent(ExpressionHelper.java:181)
	com.sun.javafx.binding.ExpressionHelper.fireValueChangedEvent(ExpressionHelper.java:80)
	javafx.beans.property.ObjectPropertyBase.fireValueChangedEvent(ObjectPropertyBase.java:106)
	javafx.beans.property.ObjectPropertyBase.markInvalid(ObjectPropertyBase.java:113)
	javafx.beans.property.ObjectPropertyBase.set(ObjectPropertyBase.java:147)
	javafx.css.StyleableObjectProperty.set(StyleableObjectProperty.java:82)
	javafx.beans.property.ObjectProperty.setValue(ObjectProperty.java:72)
	javafx.scene.control.Labeled.setGraphic(Labeled.java:448)
	ba.unsa.etf.rpr.projekat.controller.GroupListCellController.updateItem(GroupListCellController.java:56)
	ba.unsa.etf.rpr.projekat.controller.GroupListCellController.updateItem(GroupListCellController.java:25)
	javafx.scene.control.ListCell.updateItem(ListCell.java:487)
	javafx.scene.control.ListCell.lambda$new$2(ListCell.java:168)
	javafx.collections.WeakListChangeListener.onChanged(WeakListChangeListener.java:88)
	com.sun.javafx.collections.ListListenerHelper$Generic.fireValueChangedEvent(ListListenerHelper.java:329)
	com.sun.javafx.collections.ListListenerHelper.fireValueChangedEvent(ListListenerHelper.java:73)
	javafx.collections.ObservableListBase.fireChange(ObservableListBase.java:233)
	javafx.collections.ListChangeBuilder.commit(ListChangeBuilder.java:482)
	javafx.collections.ListChangeBuilder.endChange(ListChangeBuilder.java:541)
	javafx.collections.ObservableListBase.endChange(ObservableListBase.java:205)
	com.sun.javafx.collections.ObservableListWrapper.clear(ObservableListWrapper.java:157)
	ba.unsa.etf.rpr.projekat.dal.DatabaseConnection.deleteTestUser(DatabaseConnection.java:94)
	rpr.controllertest.LabelControllerTest.setUp(LabelControllerTest.java:55)
	java.base/jdk.internal.reflect.NativeMethodAccessorImpl.invoke0(Native Method)
	java.base/jdk.internal.reflect.NativeMethodAccessorImpl.invoke(NativeMethodAccessorImpl.java:64)
	java.base/jdk.internal.reflect.DelegatingMethodAccessorImpl.invoke(DelegatingMethodAccessorImpl.java:43)
	java.base/java.lang.reflect.Method.invoke(Method.java:564)
	org.junit.platform.commons.util.ReflectionUtils.invokeMethod(ReflectionUtils.java:515)
	org.junit.jupiter.engine.execution.ExecutableInvoker.invoke(ExecutableInvoker.java:115)
	org.junit.jupiter.engine.descriptor.ClassTestDescriptor.lambda$invokeBeforeAllMethods$8(ClassTestDescriptor.java:373)
	org.junit.platform.engine.support.hierarchical.ThrowableCollector.execute(ThrowableCollector.java:72)
	org.junit.jupiter.engine.descriptor.ClassTestDescriptor.invokeBeforeAllMethods(ClassTestDescriptor.java:372)
	org.junit.jupiter.engine.descriptor.ClassTestDescriptor.before(ClassTestDescriptor.java:201)
	org.junit.jupiter.engine.descriptor.ClassTestDescriptor.before(ClassTestDescriptor.java:74)
	org.junit.platform.engine.support.hierarchical.NodeTestTask.lambda$executeRecursively$5(NodeTestTask.java:128)
	org.junit.platform.engine.support.hierarchical.ThrowableCollector.execute(ThrowableCollector.java:72)
	org.junit.platform.engine.support.hierarchical.NodeTestTask.executeRecursively(NodeTestTask.java:127)
	org.junit.platform.engine.support.hierarchical.NodeTestTask.execute(NodeTestTask.java:107)
	java.base/java.util.ArrayList.forEach(ArrayList.java:1511)
	org.junit.platform.engine.support.hierarchical.SameThreadHierarchicalTestExecutorService.invokeAll(SameThreadHierarchicalTestExecutorService.java:38)
	org.junit.platform.engine.support.hierarchical.NodeTestTask.lambda$executeRecursively$5(NodeTestTask.java:136)
	org.junit.platform.engine.support.hierarchical.ThrowableCollector.execute(ThrowableCollector.java:72)
	org.junit.platform.engine.support.hierarchical.NodeTestTask.executeRecursively(NodeTestTask.java:127)
	org.junit.platform.engine.support.hierarchical.NodeTestTask.execute(NodeTestTask.java:107)
	org.junit.platform.engine.support.hierarchical.SameThreadHierarchicalTestExecutorService.submit(SameThreadHierarchicalTestExecutorService.java:32)
	org.junit.platform.engine.support.hierarchical.HierarchicalTestExecutor.execute(HierarchicalTestExecutor.java:52)
	org.junit.platform.engine.support.hierarchical.HierarchicalTestEngine.execute(HierarchicalTestEngine.java:51)
	org.junit.platform.launcher.core.DefaultLauncher.execute(DefaultLauncher.java:220)
	org.junit.platform.launcher.core.DefaultLauncher.lambda$execute$6(DefaultLauncher.java:188)
	org.junit.platform.launcher.core.DefaultLauncher.withInterceptedStreams(DefaultLauncher.java:202)
	org.junit.platform.launcher.core.DefaultLauncher.execute(DefaultLauncher.java:181)
	org.junit.platform.launcher.core.DefaultLauncher.execute(DefaultLauncher.java:128)
	org.apache.maven.surefire.junitplatform.JUnitPlatformProvider.execute(JUnitPlatformProvider.java:188)
	org.apache.maven.surefire.junitplatform.JUnitPlatformProvider.invokeAllTests(JUnitPlatformProvider.java:154)
	org.apache.maven.surefire.junitplatform.JUnitPlatformProvider.invoke(JUnitPlatformProvider.java:128)
	org.apache.maven.surefire.booter.ForkedBooter.runSuitesInProcess(ForkedBooter.java:428)
	org.apache.maven.surefire.booter.ForkedBooter.execute(ForkedBooter.java:162)
	org.apache.maven.surefire.booter.ForkedBooter.run(ForkedBooter.java:562)
	org.apache.maven.surefire.booter.ForkedBooter.main(ForkedBooter.java:548)

--- Exception in Async Thread ---
java.lang.IllegalStateException: Not on FX application thread; currentThread = main
	com.sun.javafx.tk.Toolkit.checkFxUserThread(Toolkit.java:292)
	com.sun.javafx.tk.quantum.QuantumToolkit.checkFxUserThread(QuantumToolkit.java:446)
	javafx.scene.Parent$3.onProposedChange(Parent.java:474)
	com.sun.javafx.collections.VetoableListDecorator.setAll(VetoableListDecorator.java:113)
	com.sun.javafx.collections.VetoableListDecorator.setAll(VetoableListDecorator.java:108)
	javafx.scene.control.skin.LabeledSkinBase.updateChildren(LabeledSkinBase.java:277)
	javafx.scene.control.skin.LabeledSkinBase.lambda$new$5(LabeledSkinBase.java:195)
	com.sun.javafx.scene.control.LambdaMultiplePropertyChangeListenerHandler.lambda$new$1(LambdaMultiplePropertyChangeListenerHandler.java:49)
	javafx.beans.value.WeakChangeListener.changed(WeakChangeListener.java:86)
	com.sun.javafx.binding.ExpressionHelper$SingleChange.fireValueChangedEvent(ExpressionHelper.java:181)
	com.sun.javafx.binding.ExpressionHelper.fireValueChangedEvent(ExpressionHelper.java:80)
	javafx.beans.property.ObjectPropertyBase.fireValueChangedEvent(ObjectPropertyBase.java:106)
	javafx.beans.property.ObjectPropertyBase.markInvalid(ObjectPropertyBase.java:113)
	javafx.beans.property.ObjectPropertyBase.set(ObjectPropertyBase.java:147)
	javafx.css.StyleableObjectProperty.set(StyleableObjectProperty.java:82)
	javafx.beans.property.ObjectProperty.setValue(ObjectProperty.java:72)
	javafx.scene.control.Labeled.setGraphic(Labeled.java:448)
	ba.unsa.etf.rpr.projekat.controller.GroupListCellController.updateItem(GroupListCellController.java:110)
	ba.unsa.etf.rpr.projekat.controller.GroupListCellController.updateItem(GroupListCellController.java:25)
	javafx.scene.control.ListCell.updateItem(ListCell.java:478)
	javafx.scene.control.ListCell.lambda$new$2(ListCell.java:168)
	javafx.collections.WeakListChangeListener.onChanged(WeakListChangeListener.java:88)
	com.sun.javafx.collections.ListListenerHelper$Generic.fireValueChangedEvent(ListListenerHelper.java:329)
	com.sun.javafx.collections.ListListenerHelper.fireValueChangedEvent(ListListenerHelper.java:73)
	javafx.collections.ObservableListBase.fireChange(ObservableListBase.java:233)
	javafx.collections.ListChangeBuilder.commit(ListChangeBuilder.java:482)
	javafx.collections.ListChangeBuilder.endChange(ListChangeBuilder.java:541)
	javafx.collections.ObservableListBase.endChange(ObservableListBase.java:205)
	javafx.collections.ModifiableObservableListBase.add(ModifiableObservableListBase.java:155)
	java.base/java.util.AbstractList.add(AbstractList.java:111)
	ba.unsa.etf.rpr.projekat.dal.GroupModel.createGroup(GroupModel.java:124)
	rpr.controllertest.LabelControllerTest.setUp(LabelControllerTest.java:62)
	java.base/jdk.internal.reflect.NativeMethodAccessorImpl.invoke0(Native Method)
	java.base/jdk.internal.reflect.NativeMethodAccessorImpl.invoke(NativeMethodAccessorImpl.java:64)
	java.base/jdk.internal.reflect.DelegatingMethodAccessorImpl.invoke(DelegatingMethodAccessorImpl.java:43)
	java.base/java.lang.reflect.Method.invoke(Method.java:564)
	org.junit.platform.commons.util.ReflectionUtils.invokeMethod(ReflectionUtils.java:515)
	org.junit.jupiter.engine.execution.ExecutableInvoker.invoke(ExecutableInvoker.java:115)
	org.junit.jupiter.engine.descriptor.ClassTestDescriptor.lambda$invokeBeforeAllMethods$8(ClassTestDescriptor.java:373)
	org.junit.platform.engine.support.hierarchical.ThrowableCollector.execute(ThrowableCollector.java:72)
	org.junit.jupiter.engine.descriptor.ClassTestDescriptor.invokeBeforeAllMethods(ClassTestDescriptor.java:372)
	org.junit.jupiter.engine.descriptor.ClassTestDescriptor.before(ClassTestDescriptor.java:201)
	org.junit.jupiter.engine.descriptor.ClassTestDescriptor.before(ClassTestDescriptor.java:74)
	org.junit.platform.engine.support.hierarchical.NodeTestTask.lambda$executeRecursively$5(NodeTestTask.java:128)
	org.junit.platform.engine.support.hierarchical.ThrowableCollector.execute(ThrowableCollector.java:72)
	org.junit.platform.engine.support.hierarchical.NodeTestTask.executeRecursively(NodeTestTask.java:127)
	org.junit.platform.engine.support.hierarchical.NodeTestTask.execute(NodeTestTask.java:107)
	java.base/java.util.ArrayList.forEach(ArrayList.java:1511)
	org.junit.platform.engine.support.hierarchical.SameThreadHierarchicalTestExecutorService.invokeAll(SameThreadHierarchicalTestExecutorService.java:38)
	org.junit.platform.engine.support.hierarchical.NodeTestTask.lambda$executeRecursively$5(NodeTestTask.java:136)
	org.junit.platform.engine.support.hierarchical.ThrowableCollector.execute(ThrowableCollector.java:72)
	org.junit.platform.engine.support.hierarchical.NodeTestTask.executeRecursively(NodeTestTask.java:127)
	org.junit.platform.engine.support.hierarchical.NodeTestTask.execute(NodeTestTask.java:107)
	org.junit.platform.engine.support.hierarchical.SameThreadHierarchicalTestExecutorService.submit(SameThreadHierarchicalTestExecutorService.java:32)
	org.junit.platform.engine.support.hierarchical.HierarchicalTestExecutor.execute(HierarchicalTestExecutor.java:52)
	org.junit.platform.engine.support.hierarchical.HierarchicalTestEngine.execute(HierarchicalTestEngine.java:51)
	org.junit.platform.launcher.core.DefaultLauncher.execute(DefaultLauncher.java:220)
	org.junit.platform.launcher.core.DefaultLauncher.lambda$execute$6(DefaultLauncher.java:188)
	org.junit.platform.launcher.core.DefaultLauncher.withInterceptedStreams(DefaultLauncher.java:202)
	org.junit.platform.launcher.core.DefaultLauncher.execute(DefaultLauncher.java:181)
	org.junit.platform.launcher.core.DefaultLauncher.execute(DefaultLauncher.java:128)
	org.apache.maven.surefire.junitplatform.JUnitPlatformProvider.execute(JUnitPlatformProvider.java:188)
	org.apache.maven.surefire.junitplatform.JUnitPlatformProvider.invokeAllTests(JUnitPlatformProvider.java:154)
	org.apache.maven.surefire.junitplatform.JUnitPlatformProvider.invoke(JUnitPlatformProvider.java:128)
	org.apache.maven.surefire.booter.ForkedBooter.runSuitesInProcess(ForkedBooter.java:428)
	org.apache.maven.surefire.booter.ForkedBooter.execute(ForkedBooter.java:162)
	org.apache.maven.surefire.booter.ForkedBooter.run(ForkedBooter.java:562)
	org.apache.maven.surefire.booter.ForkedBooter.main(ForkedBooter.java:548)

--- Exception in Async Thread ---
java.lang.IllegalStateException: Not on FX application thread; currentThread = main
	com.sun.javafx.tk.Toolkit.checkFxUserThread(Toolkit.java:292)
	com.sun.javafx.tk.quantum.QuantumToolkit.checkFxUserThread(QuantumToolkit.java:446)
	javafx.scene.Parent$3.onProposedChange(Parent.java:474)
	com.sun.javafx.collections.VetoableListDecorator.setAll(VetoableListDecorator.java:113)
	com.sun.javafx.collections.VetoableListDecorator.setAll(VetoableListDecorator.java:108)
	javafx.scene.control.skin.LabeledSkinBase.updateChildren(LabeledSkinBase.java:277)
	javafx.scene.control.skin.LabeledSkinBase.lambda$new$5(LabeledSkinBase.java:195)
	com.sun.javafx.scene.control.LambdaMultiplePropertyChangeListenerHandler.lambda$new$1(LambdaMultiplePropertyChangeListenerHandler.java:49)
	javafx.beans.value.WeakChangeListener.changed(WeakChangeListener.java:86)
	com.sun.javafx.binding.ExpressionHelper$SingleChange.fireValueChangedEvent(ExpressionHelper.java:181)
	com.sun.javafx.binding.ExpressionHelper.fireValueChangedEvent(ExpressionHelper.java:80)
	javafx.beans.property.ObjectPropertyBase.fireValueChangedEvent(ObjectPropertyBase.java:106)
	javafx.beans.property.ObjectPropertyBase.markInvalid(ObjectPropertyBase.java:113)
	javafx.beans.property.ObjectPropertyBase.set(ObjectPropertyBase.java:147)
	javafx.css.StyleableObjectProperty.set(StyleableObjectProperty.java:82)
	javafx.beans.property.ObjectProperty.setValue(ObjectProperty.java:72)
	javafx.scene.control.Labeled.setGraphic(Labeled.java:448)
	ba.unsa.etf.rpr.projekat.controller.GroupListCellController.updateItem(GroupListCellController.java:110)
	ba.unsa.etf.rpr.projekat.controller.GroupListCellController.updateItem(GroupListCellController.java:25)
	javafx.scene.control.ListCell.updateItem(ListCell.java:478)
	javafx.scene.control.ListCell.lambda$new$2(ListCell.java:168)
	javafx.collections.WeakListChangeListener.onChanged(WeakListChangeListener.java:88)
	com.sun.javafx.collections.ListListenerHelper$Generic.fireValueChangedEvent(ListListenerHelper.java:329)
	com.sun.javafx.collections.ListListenerHelper.fireValueChangedEvent(ListListenerHelper.java:73)
	javafx.collections.ObservableListBase.fireChange(ObservableListBase.java:233)
	javafx.collections.ListChangeBuilder.commit(ListChangeBuilder.java:482)
	javafx.collections.ListChangeBuilder.endChange(ListChangeBuilder.java:541)
	javafx.collections.ObservableListBase.endChange(ObservableListBase.java:205)
	javafx.collections.ModifiableObservableListBase.add(ModifiableObservableListBase.java:155)
	java.base/java.util.AbstractList.add(AbstractList.java:111)
	ba.unsa.etf.rpr.projekat.dal.GroupModel.createGroup(GroupModel.java:124)
	rpr.controllertest.LabelControllerTest.setUp(LabelControllerTest.java:64)
	java.base/jdk.internal.reflect.NativeMethodAccessorImpl.invoke0(Native Method)
	java.base/jdk.internal.reflect.NativeMethodAccessorImpl.invoke(NativeMethodAccessorImpl.java:64)
	java.base/jdk.internal.reflect.DelegatingMethodAccessorImpl.invoke(DelegatingMethodAccessorImpl.java:43)
	java.base/java.lang.reflect.Method.invoke(Method.java:564)
	org.junit.platform.commons.util.ReflectionUtils.invokeMethod(ReflectionUtils.java:515)
	org.junit.jupiter.engine.execution.ExecutableInvoker.invoke(ExecutableInvoker.java:115)
	org.junit.jupiter.engine.descriptor.ClassTestDescriptor.lambda$invokeBeforeAllMethods$8(ClassTestDescriptor.java:373)
	org.junit.platform.engine.support.hierarchical.ThrowableCollector.execute(ThrowableCollector.java:72)
	org.junit.jupiter.engine.descriptor.ClassTestDescriptor.invokeBeforeAllMethods(ClassTestDescriptor.java:372)
	org.junit.jupiter.engine.descriptor.ClassTestDescriptor.before(ClassTestDescriptor.java:201)
	org.junit.jupiter.engine.descriptor.ClassTestDescriptor.before(ClassTestDescriptor.java:74)
	org.junit.platform.engine.support.hierarchical.NodeTestTask.lambda$executeRecursively$5(NodeTestTask.java:128)
	org.junit.platform.engine.support.hierarchical.ThrowableCollector.execute(ThrowableCollector.java:72)
	org.junit.platform.engine.support.hierarchical.NodeTestTask.executeRecursively(NodeTestTask.java:127)
	org.junit.platform.engine.support.hierarchical.NodeTestTask.execute(NodeTestTask.java:107)
	java.base/java.util.ArrayList.forEach(ArrayList.java:1511)
	org.junit.platform.engine.support.hierarchical.SameThreadHierarchicalTestExecutorService.invokeAll(SameThreadHierarchicalTestExecutorService.java:38)
	org.junit.platform.engine.support.hierarchical.NodeTestTask.lambda$executeRecursively$5(NodeTestTask.java:136)
	org.junit.platform.engine.support.hierarchical.ThrowableCollector.execute(ThrowableCollector.java:72)
	org.junit.platform.engine.support.hierarchical.NodeTestTask.executeRecursively(NodeTestTask.java:127)
	org.junit.platform.engine.support.hierarchical.NodeTestTask.execute(NodeTestTask.java:107)
	org.junit.platform.engine.support.hierarchical.SameThreadHierarchicalTestExecutorService.submit(SameThreadHierarchicalTestExecutorService.java:32)
	org.junit.platform.engine.support.hierarchical.HierarchicalTestExecutor.execute(HierarchicalTestExecutor.java:52)
	org.junit.platform.engine.support.hierarchical.HierarchicalTestEngine.execute(HierarchicalTestEngine.java:51)
	org.junit.platform.launcher.core.DefaultLauncher.execute(DefaultLauncher.java:220)
	org.junit.platform.launcher.core.DefaultLauncher.lambda$execute$6(DefaultLauncher.java:188)
	org.junit.platform.launcher.core.DefaultLauncher.withInterceptedStreams(DefaultLauncher.java:202)
	org.junit.platform.launcher.core.DefaultLauncher.execute(DefaultLauncher.java:181)
	org.junit.platform.launcher.core.DefaultLauncher.execute(DefaultLauncher.java:128)
	org.apache.maven.surefire.junitplatform.JUnitPlatformProvider.execute(JUnitPlatformProvider.java:188)
	org.apache.maven.surefire.junitplatform.JUnitPlatformProvider.invokeAllTests(JUnitPlatformProvider.java:154)
	org.apache.maven.surefire.junitplatform.JUnitPlatformProvider.invoke(JUnitPlatformProvider.java:128)
	org.apache.maven.surefire.booter.ForkedBooter.runSuitesInProcess(ForkedBooter.java:428)
	org.apache.maven.surefire.booter.ForkedBooter.execute(ForkedBooter.java:162)
	org.apache.maven.surefire.booter.ForkedBooter.run(ForkedBooter.java:562)
	org.apache.maven.surefire.booter.ForkedBooter.main(ForkedBooter.java:548)

]]></system-err>
  </testcase>
  <testcase name="updateGroup(FxRobot)" classname="rpr.controllertest.LabelControllerTest" time="0.002">
    <error type="java.lang.RuntimeException"><![CDATA[java.lang.RuntimeException: java.lang.IllegalStateException: Not on FX application thread; currentThread = main
	at rpr.controllertest.LabelControllerTest.setUp(LabelControllerTest.java:55)
]]></error>
  </testcase>
  <testcase name="createFail(FxRobot)" classname="rpr.controllertest.LabelControllerTest" time="0.062">
    <error type="java.lang.RuntimeException"><![CDATA[java.lang.RuntimeException: java.lang.IllegalStateException: Not on FX application thread; currentThread = main
	at rpr.controllertest.LabelControllerTest.setUp(LabelControllerTest.java:64)
]]></error>
  </testcase>
</testsuite>